[2026-04-22 21:20:33] localhost GET /index.html 404 85
[2026-04-22 21:20:41] localhost GET /index.html 404 85
[2026-04-22 21:23:51] localhost GET /server_status.html 404 85
[2026-04-22 21:24:41] localhost GET /server-status 200 230
[2026-04-22 21:24:49] localhost GET /server-status 200 230
[2026-04-22 21:24:50] localhost GET /server-status 200 230
[2026-04-22 21:24:51] localhost GET /server-status 200 230
[2026-04-22 21:24:52] localhost GET /server-status 200 230
[2026-04-22 21:24:52] localhost GET /server-status 200 230
[2026-04-22 21:24:53] localhost GET /server-status 200 230
[2026-04-22 21:24:54] localhost GET /server-status 200 230
[2026-04-22 21:36:48] localhost GET /index.html 404 85
[2026-04-22 21:37:21] localhost GET /index.html 404 85
[2026-04-22 21:37:51] localhost GET /index.html 200 125
[2026-04-22 21:37:53] localhost GET /index.html 200 125
[2026-04-22 21:39:10] localhost GET /index.html 200 125
[2026-04-22 21:39:53] localhost GET /index.html 200 125
[2026-04-22 21:40:15] localhost HEAD /index.html 200 110
[2026-04-22 21:40:33] localhost GET /notfound.html 404 85
[2026-04-22 21:40:43] localhost GET /cgi-bin/adder?1&2 404 85
[2026-04-22 21:41:01] localhost GET /index.html 200 125
[2026-04-22 21:44:15] localhost GET /index.html 200 125
[2026-04-22 21:45:37] localhost GET /index.html 200 125
[2026-04-22 21:45:37] localhost GET /index.html 200 125
[2026-04-22 21:47:31] localhost GET /index.html 200 125
